<?xml version="1.0" encoding="UTF-8" standalone="no"?>
<testsuite errors="0" failures="2" name="io.cucumber.core.plugin.JUnitFormatter" skipped="0" tests="2" time="0.487">
    <testcase classname="feature  to test login functionality with parameters" name="Check login is successful with valid credentialas" time="0.096">
        <failure message="The scenario has pending or undefined step(s)" type="java.lang.Exception"><![CDATA[Given user is on login page.................................................passed
When user enters suraj and 12345............................................undefined
And clicks on login page....................................................skipped
Then user is navigated to the home..........................................skipped
]]></failure>
    </testcase>
    <testcase classname="feature  to test login functionality with parameters" name="Check login is successful with valid credentialas 2" time="0.008">
        <failure message="The scenario has pending or undefined step(s)" type="java.lang.Exception"><![CDATA[Given user is on login page.................................................passed
When user enters tony and 12345.............................................undefined
And clicks on login page....................................................skipped
Then user is navigated to the home..........................................skipped
]]></failure>
    </testcase>
</testsuite>
